Release 14.7 - xst P.20131013 (lin64)
Copyright (c) 1995-2013 Xilinx, Inc.  All rights reserved.
--> 
Parameter TMPDIR set to xst/projnav.tmp


Total REAL time to Xst completion: 0.00 secs
Total CPU time to Xst completion: 0.03 secs
 
--> 
Parameter xsthdpdir set to xst


Total REAL time to Xst completion: 0.00 secs
Total CPU time to Xst completion: 0.03 secs
 
--> 
Reading design: mux.prj

TABLE OF CONTENTS
  1) Synthesis Options Summary
  2) HDL Compilation
  3) Design Hierarchy Analysis
  4) HDL Analysis
  5) HDL Synthesis
     5.1) HDL Synthesis Report
  6) Advanced HDL Synthesis
     6.1) Advanced HDL Synthesis Report
  7) Low Level Synthesis
  8) Partition Report
  9) Final Report

=========================================================================
*                      Synthesis Options Summary                        *
=========================================================================
---- Source Parameters
Input File Name                    : "mux.prj"
Input Format                       : mixed
Ignore Synthesis Constraint File   : NO

---- Target Parameters
Output File Name                   : "mux"
Output Format                      : NGC
Target Device                      : XC9500XL CPLDs

---- Source Options
Top Module Name                    : mux
Automatic FSM Extraction           : YES
FSM Encoding Algorithm             : Auto
Safe Implementation                : No
Mux Extraction                     : Yes
Resource Sharing                   : YES

---- Target Options
Add IO Buffers                     : YES
MACRO Preserve                     : YES
XOR Preserve                       : YES
Equivalent register Removal        : YES

---- General Options
Optimization Goal                  : Speed
Optimization Effort                : 1
Keep Hierarchy                     : Yes
Netlist Hierarchy                  : As_Optimized
RTL Output                         : Yes
Hierarchy Separator                : /
Bus Delimiter                      : <>
Case Specifier                     : Maintain
Verilog 2001                       : YES

---- Other Options
Clock Enable                       : YES
wysiwyg                            : NO

=========================================================================


=========================================================================
*                          HDL Compilation                              *
=========================================================================
Compiling vhdl file "/home/artyom/Desktop/Projects/BBlitz/VHDL/Mux_actual_for_real_the_good_one/schema.vhf" in Library work.
Architecture behavioral of Entity schema is up to date.
Compiling vhdl file "/home/artyom/Desktop/Projects/BBlitz/VHDL/Mux_actual_for_real_the_good_one/mux.vhd" in Library work.
Entity <mux> compiled.
Entity <mux> (Architecture <rtl>) compiled.

=========================================================================
*                     Design Hierarchy Analysis                         *
=========================================================================
Analyzing hierarchy for entity <mux> in library <work> (architecture <rtl>).


=========================================================================
*                            HDL Analysis                               *
=========================================================================
Analyzing Entity <mux> in library <work> (Architecture <rtl>).
WARNING:Xst:819 - "/home/artyom/Desktop/Projects/BBlitz/VHDL/Mux_actual_for_real_the_good_one/mux.vhd" line 114: One or more signals are missing in the process sensitivity list. To enable synthesis of FPGA/CPLD hardware, XST will assume that all necessary signals are present in the sensitivity list. Please note that the result of the synthesis may differ from the initial design specification. The missing signals are:
   <RW_N>
INFO:Xst:1561 - "/home/artyom/Desktop/Projects/BBlitz/VHDL/Mux_actual_for_real_the_good_one/mux.vhd" line 237: Mux is complete : default of case is discarded
WARNING:Xst:819 - "/home/artyom/Desktop/Projects/BBlitz/VHDL/Mux_actual_for_real_the_good_one/mux.vhd" line 120: One or more signals are missing in the process sensitivity list. To enable synthesis of FPGA/CPLD hardware, XST will assume that all necessary signals are present in the sensitivity list. Please note that the result of the synthesis may differ from the initial design specification. The missing signals are:
   <a21>, <a20>, <a19>, <FC0>, <FC1>, <FC2>, <R_BTN>, <a27>, <a26>, <a16>, <RW_N>, <dram_config_sel>
WARNING:Xst:819 - "/home/artyom/Desktop/Projects/BBlitz/VHDL/Mux_actual_for_real_the_good_one/mux.vhd" line 369: One or more signals are missing in the process sensitivity list. To enable synthesis of FPGA/CPLD hardware, XST will assume that all necessary signals are present in the sensitivity list. Please note that the result of the synthesis may differ from the initial design specification. The missing signals are:
   <isa_io_active>, <isa_mem_active>, <isa_ready>, <dram_cs_async>, <dram_config_sel>, <DRAM_DTACK>, <cntr>, <wait_long>, <bus_32bit>, <bus_16bit>
WARNING:Xst:819 - "/home/artyom/Desktop/Projects/BBlitz/VHDL/Mux_actual_for_real_the_good_one/mux.vhd" line 402: One or more signals are missing in the process sensitivity list. To enable synthesis of FPGA/CPLD hardware, XST will assume that all necessary signals are present in the sensitivity list. Please note that the result of the synthesis may differ from the initial design specification. The missing signals are:
   <isa_io_active>, <isa_mem_active>, <RW_N>, <I_IOCHRDY>
Entity <mux> analyzed. Unit <mux> generated.


=========================================================================
*                           HDL Synthesis                               *
=========================================================================

Performing bidirectional port resolution...

Synthesizing Unit <mux>.
    Related source file is "/home/artyom/Desktop/Projects/BBlitz/VHDL/Mux_actual_for_real_the_good_one/mux.vhd".
WARNING:Xst:647 - Input <DS> is never used. This port will be preserved and left unconnected if it belongs to a top-level block or it belongs to a sub-block and the hierarchy of this sub-block is preserved.
    Found 4-bit up counter for signal <cntr>.
    Found 1-bit register for signal <dram_config_sel>.
    Found 4-bit comparator greatequal for signal <DSACK0$cmp_ge0000> created at line 382.
    Found 4-bit comparator greatequal for signal <DSACK0$cmp_ge0001> created at line 382.
    Summary:
	inferred   1 Counter(s).
	inferred   1 D-type flip-flop(s).
	inferred   2 Comparator(s).
Unit <mux> synthesized.


=========================================================================
HDL Synthesis Report

Macro Statistics
# Counters                                             : 1
 4-bit up counter                                      : 1
# Registers                                            : 1
 1-bit register                                        : 1
# Comparators                                          : 2
 4-bit comparator greatequal                           : 2

=========================================================================

=========================================================================
*                       Advanced HDL Synthesis                          *
=========================================================================


=========================================================================
Advanced HDL Synthesis Report

Macro Statistics
# Counters                                             : 1
 4-bit up counter                                      : 1
# Registers                                            : 1
 Flip-Flops                                            : 1

=========================================================================

=========================================================================
*                         Low Level Synthesis                           *
=========================================================================

Optimizing unit <mux> ...

=========================================================================
*                           Partition Report                            *
=========================================================================

Partition Implementation Status
-------------------------------

  No Partitions were found in this design.

-------------------------------

=========================================================================
*                            Final Report                               *
=========================================================================
Final Results
RTL Top Level Output File Name     : mux.ngr
Top Level Output File Name         : mux
Output Format                      : NGC
Optimization Goal                  : Speed
Keep Hierarchy                     : Yes
Target Technology                  : XC9500XL CPLDs
Macro Preserve                     : YES
XOR Preserve                       : YES
Clock Enable                       : YES
wysiwyg                            : NO

Design Statistics
# IOs                              : 52

Cell Usage :
# BELS                             : 226
#      AND2                        : 45
#      AND3                        : 8
#      AND4                        : 1
#      GND                         : 1
#      INV                         : 100
#      OR2                         : 49
#      OR3                         : 9
#      OR4                         : 7
#      OR5                         : 1
#      VCC                         : 1
#      XOR2                        : 4
# FlipFlops/Latches                : 5
#      FDC                         : 4
#      FDCE                        : 1
# IO Buffers                       : 51
#      IBUF                        : 20
#      OBUF                        : 31
=========================================================================


Total REAL time to Xst completion: 2.00 secs
Total CPU time to Xst completion: 2.23 secs
 
--> 


Total memory usage is 508420 kilobytes

Number of errors   :    0 (   0 filtered)
Number of warnings :    5 (   0 filtered)
Number of infos    :    1 (   0 filtered)

