This file contains any messages produced by compilers while
running configure, to aid debugging if configure makes a mistake.

It was created by configure, which was
generated by GNU Autoconf 2.52.  Invocation command line was

  $ ./configure -C --disable-HOPFSERIAL --disable-HOPFPCI --disable-BANCOMM --disable-GPSVME --disable-SHM --disable-all-clocks --disable-ACTS --disable-ARBITER --disable-ARCRON-MSF --disable-ATOM --disable-AS2201 --disable-CHU --disable-AUDIO-CHU --disable-DATUM --disable-FG --disable-HEATH --disable-HPGPS --disable-IRIG --disable-JJY --disable-LEITCH --disable-LOCAL-CLOCK --disable-MSFEES --disable-MX4200 --disable-NMEA --disable-ONCORE --disable-PALISADE --disable-PST --disable-JUPITER --disable-PTBACTS --disable-TPRO --disable-TRAK --disable-CHRONOLOG --disable-DUMBCLOCK --disable-PCF --disable-SPECTRACOM --disable-TRUETIME --disable-ULINK --disable-WWV --disable-USNO --disable-parse-clocks --disable-COMPUTIME --disable-DCF7000 --disable-HOPF6021 --disable-MEINBERG --disable-RAWDCF --disable-RCC8000 --disable-SCHMID --disable-TRIMTAIP --disable-TRIMTSIP --disable-WHARTON --disable-VARITEXT --disable-kmem --without-openssl-libdir --without-openssl-incdir --without-crypto --without-electricfence

## ---------- ##
## Platform.  ##
## ---------- ##

hostname = goober
uname -m = i686
uname -r = 2.4.22
uname -s = Linux
uname -v = #1 Tue Aug 26 09:50:30 EST 2003

/usr/bin/uname -p = unknown
/bin/uname -X     = unknown

/bin/arch              = i686
/usr/bin/arch -k       = unknown
/usr/convex/getsysinfo = unknown
hostinfo               = unknown
/bin/machine           = unknown
/usr/bin/oslevel       = unknown
/bin/universe          = unknown

PATH = /usr/local/bin:/bin:/usr/bin:/usr/X11R6/bin:/home/gerg/bin:/home/gerg/new-wave.dist/tools:/home/gerg/new-wave.dist/tools

## ------------ ##
## Core tests.  ##
## ------------ ##

configure:955: loading cache config.cache
configure:1034: PATH=".;."; conftest.sh
./configure: line 1035: conftest.sh: command not found
configure:1037: $? = 127
configure:1077: checking build system type
configure:1095: result: i686-pc-linux-gnu
configure:1102: checking host system type
configure:1116: result: i686-pc-linux-gnu
configure:1123: checking target system type
configure:1137: result: i686-pc-linux-gnu
configure:1181: checking for a BSD compatible install
configure:1230: result: /usr/bin/install -c
configure:1241: checking whether build environment is sane
configure:1284: result: yes
configure:1305: checking for mawk
configure:1328: result: mawk
configure:1338: checking whether make sets ${MAKE}
configure:1358: result: yes
configure:1495: checking for gcc
configure:1518: result: gcc
configure:1746: checking for C compiler version
configure:1749: gcc --version </dev/null >&5
gcc (GCC) 3.2.2 20030222 (Red Hat Linux 3.2.2-5)
Copyright (C) 2002 Free Software Foundation, Inc.
This is free software; see the source for copying conditions.  There is NO
warranty; not even for MERCHANTABILITY or FITNESS FOR A PARTICULAR PURPOSE.

configure:1752: $? = 0
configure:1754: gcc -v </dev/null >&5
Reading specs from /usr/lib/gcc-lib/i386-redhat-linux/3.2.2/specs
Configured with: ../configure --prefix=/usr --mandir=/usr/share/man --infodir=/usr/share/info --enable-shared --enable-threads=posix --disable-checking --with-system-zlib --enable-__cxa_atexit --host=i386-redhat-linux
Thread model: posix
gcc version 3.2.2 20030222 (Red Hat Linux 3.2.2-5)
configure:1757: $? = 0
configure:1759: gcc -V </dev/null >&5
gcc: argument to `-V' is missing
configure:1762: $? = 1
configure:1782: checking for C compiler default output
configure:1785: gcc    conftest.c  >&5
configure:1788: $? = 0
configure:1817: result: a.out
configure:1822: checking whether the C compiler works
configure:1828: ./a.out
configure:1831: $? = 0
configure:1846: result: yes
configure:1853: checking whether we are cross compiling
configure:1855: result: no
configure:1858: checking for executable suffix
configure:1860: gcc -o conftest    conftest.c  >&5
configure:1863: $? = 0
configure:1885: result: 
configure:1891: checking for object suffix
configure:1931: result: o
configure:1935: checking whether we are using the GNU C compiler
configure:1977: result: yes
configure:1983: checking whether gcc accepts -g
configure:2020: result: yes
configure:2047: gcc -c   conftest.c >&5
conftest.c:2: parse error before "me"
configure:2050: $? = 1
configure: failed program was:
#ifndef __cplusplus
  choke me
#endif
configure:2156: checking for style of include used by make
configure:2183: result: GNU
configure:2189: checking dependency style of gcc
configure:2251: result: gcc
configure:2255: checking for gcc option to accept ANSI C
configure:2338: result: none needed
configure:2351: checking how to run the C preprocessor
configure:2453: result: gcc -E
configure:2468: gcc -E  conftest.c
configure:2474: $? = 0
configure:2501: gcc -E  conftest.c
configure:2498:28: ac_nonexistent.h: No such file or directory
configure:2507: $? = 1
configure: failed program was:
#line 2497 "configure"
#include "confdefs.h"
#include <ac_nonexistent.h>
configure:2593: checking for mawk
configure:2616: result: mawk
configure:2626: checking whether make sets ${MAKE}
configure:2646: result: yes
configure:2671: checking whether gcc -pipe works
configure:2685: result: yes
configure:2744: checking whether ln -s works
configure:2748: result: yes
configure:2756: checking whether gcc needs -traditional
configure:2791: result: no
configure:2798: checking for AIX
configure:2817: result: no
configure:2822: checking for minix/config.h
configure:2857: result: no
configure:2881: checking for POSIXized ISC
configure:2900: result: no
configure:2943: checking for ranlib
configure:2967: result: ranlib
configure:2981: checking for sh
configure:3009: result: /bin/sh
configure:3018: checking for perl
configure:3046: result: /usr/bin/perl
configure:3108: checking for a BSD compatible install
configure:3157: result: /usr/bin/install -c
configure:3225: checking for nlist in -lelf
configure:3272: result: no
configure:3283: checking for main in -lkvm
configure:3323: result: no
configure:3334: checking for nlist in -lld
configure:3381: result: no
configure:3392: checking for nlist in -lmld
configure:3439: result: no
configure:3450: checking for gethostent
configure:3506: result: yes
configure:3572: checking for openlog
configure:3628: result: yes
configure:3754: checking for readline in -lreadline
configure:3801: result: no
configure:3937: checking for setsockopt
configure:3993: result: yes
configure:4059: checking for ANSI C header files
configure:4187: result: yes
configure:4200: checking for bstring.h
configure:4235: result: no
configure:4200: checking for errno.h
configure:4235: result: yes
configure:4200: checking for fcntl.h
configure:4235: result: yes
configure:4200: checking for ieeefp.h
configure:4235: result: no
configure:4200: checking for math.h
configure:4235: result: yes
configure:4200: checking for memory.h
configure:4235: result: yes
configure:4200: checking for netdb.h
configure:4235: result: yes
configure:4248: checking for poll.h
configure:4283: result: yes
configure:4248: checking for resolv.h
configure:4283: result: yes
configure:4248: checking for sched.h
configure:4283: result: yes
configure:4248: checking for sgtty.h
configure:4283: result: yes
configure:4248: checking for stdlib.h
configure:4283: result: yes
configure:4248: checking for string.h
configure:4283: result: yes
configure:4248: checking for termio.h
configure:4283: result: yes
configure:4296: checking for termios.h
configure:4331: result: yes
configure:4296: checking for timepps.h
configure:4331: result: no
configure:4296: checking for timex.h
configure:4331: result: no
configure:4296: checking for unistd.h
configure:4331: result: yes
configure:4296: checking for utmp.h
configure:4331: result: no
configure:4296: checking for utmpx.h
configure:4331: result: no
configure:4344: checking for arpa/nameser.h
configure:4379: result: yes
configure:4344: checking for net/if.h
configure:4379: result: yes
configure:4344: checking for netinet/in_system.h
configure:4379: result: no
configure:4392: checking for netinet/in_systm.h
configure:4427: result: yes
configure:4392: checking for netinet/in.h
configure:4427: result: yes
configure:4392: checking for netinet/ip.h
configure:4427: result: yes
configure:4440: checking for netinfo/ni.h
configure:4475: result: no
configure:4491: checking for sun/audioio.h
configure:4526: result: no
configure:4491: checking for sys/audioio.h
configure:4526: result: no
configure:4539: checking for sys/clkdefs.h
configure:4574: result: no
configure:4539: checking for sys/file.h
configure:4574: result: yes
configure:4590: checking for sys/ioctl.h
configure:4625: result: yes
configure:4641: checking for sys/lock.h
configure:4676: result: no
configure:4641: checking for sys/mman.h
configure:4676: result: yes
configure:4641: checking for sys/modem.h
configure:4676: result: no
configure:4641: checking for sys/param.h
configure:4676: result: yes
configure:4641: checking for sys/ppsclock.h
configure:4676: result: no
configure:4689: checking for sys/ppstime.h
configure:4724: result: no
configure:4689: checking for sys/proc.h
configure:4724: result: no
configure:4689: checking for sys/resource.h
configure:4724: result: yes
configure:4689: checking for sys/sched.h
configure:4724: result: no
configure:4791: checking for sys/select.h
configure:4826: result: yes
configure:4791: checking for sys/signal.h
configure:4826: result: yes
configure:4791: checking for sys/sockio.h
configure:4826: result: no
configure:4791: checking for sys/stat.h
configure:4826: result: yes
configure:4791: checking for sys/stream.h
configure:4826: result: no
configure:4839: checking for sys/stropts.h
configure:4874: result: no
configure:4839: checking for sys/sysctl.h
configure:4874: result: yes
configure:4839: checking for sys/syssgi.h
configure:4874: result: no
configure:4839: checking for sys/termios.h
configure:4874: result: yes
configure:4887: checking for sys/time.h
configure:4922: result: yes
configure:4934:25: sys/timepps.h: No such file or directory
configure:4998: checking for sys/timers.h
configure:5033: result: no
configure:4998: checking for sys/timex.h
configure:5033: result: yes
configure:4998: checking for sys/tpro.h
configure:5033: result: no
configure:4998: checking for sys/types.h
configure:5033: result: yes
configure:4998: checking for sys/wait.h
configure:5033: result: yes
configure:5043: checking whether time.h and sys/time.h may both be included
configure:5084: result: yes
configure:5199: checking for nlist.h
configure:5234: result: no
configure:5289: checking for basic volatile support
configure:5328: result: yes
configure:5346: checking for gcc option to accept ANSI C
configure:5429: result: none needed
configure:5440: checking for function prototypes
configure:5443: result: yes
configure:5457: checking for ANSI C header files
configure:5585: result: yes
configure:5598: checking for string.h
configure:5633: result: yes
configure:5645: checking if C compiler permits function prototypes
configure:5686: result: yes
configure:5695: checking for an ANSI C-conforming const
configure:5778: result: yes
configure:5790: checking whether byte ordering is bigendian
configure:5912: result: no
configure:5940: checking return type of signal handlers
configure:5987: result: void
configure:6000: checking for sys/types.h
configure:6031: result: yes
configure:6000: checking for sys/stat.h
configure:6031: result: yes
configure:6000: checking for stdlib.h
configure:6031: result: yes
configure:6000: checking for string.h
configure:6031: result: yes
configure:6000: checking for memory.h
configure:6031: result: yes
configure:6000: checking for strings.h
configure:6031: result: yes
configure:6000: checking for inttypes.h
configure:6031: result: yes
configure:6000: checking for stdint.h
configure:6031: result: yes
configure:6000: checking for unistd.h
configure:6031: result: yes
configure:6041: checking for off_t
configure:6081: result: yes
configure:6093: checking for size_t
configure:6133: result: yes
configure:6145: checking for time_t
configure:6185: result: yes
configure:6197: checking whether struct tm is in sys/time.h or time.h
configure:6236: result: time.h
configure:6246: checking for a fallback value for HZ
configure:6261: result: 100
configure:6267: checking if we need to override the system's value for HZ
configure:6288: result: no
configure:6299: checking struct sigaction for sa_sigaction
configure:6339: result: yes
configure:6348: checking for struct ppsclockev
configure:6398: result: no
configure:6407: checking struct sockaddr for sa_len
configure:6449: result: no
configure:6458: checking struct clockinfo for hz
configure:6499: result: no
configure:6508: checking struct clockinfo for tickadj
configure:6549: result: no
configure:6558: checking for struct timespec
configure:6604: result: yes
configure:6614: checking for struct ntptimeval
configure:6653: result: yes
configure:6663: checking for struct ntptimeval.time.tv_nsec
configure:6716: result: no
configure:6726: checking for inline
configure:6763: result: inline
configure:6778: checking whether char is unsigned
configure:6815: result: no
configure:6825: checking for signed char
configure:6865: result: yes
configure:6868: checking size of signed char
configure:7056: result: 1
configure:7313: checking for int
configure:7353: result: yes
configure:7356: checking size of int
configure:7544: result: 4
configure:7801: checking for long
configure:7841: result: yes
configure:7844: checking size of long
configure:8032: result: 4
configure:8287: checking for s_char
configure:8327: result: no
configure:8369: checking for uid_t in sys/types.h
configure:8389: result: yes
configure:8409: checking for __adjtimex
configure:8465: result: yes
configure:8409: checking for __ntp_gettime
configure:8465: result: no
configure:8490: checking for clock_gettime
configure:8546: result: no
configure:8490: checking for clock_settime
configure:8546: result: no
configure:8562: checking for daemon
configure:8618: result: yes
configure:8631: checking for finite
configure:8687: result: yes
configure:8814: checking for getbootfile
configure:8870: result: no
configure:8814: checking for getclock
configure:8870: result: no
configure:8814: checking for getdtablesize
configure:8870: result: yes
configure:8814: checking for getrusage
configure:8870: result: yes
configure:8880: checking for gettimeofday
configure:8936: result: yes
configure:8955: checking for getuid
configure:9011: result: yes
configure:9027: checking for hstrerror
configure:9083: result: yes
configure:9027: checking for K_open
configure:9083: result: no
configure:9027: checking for kvm_open
configure:9083: result: no
configure:9027: checking for memcpy
configure:9083: result: yes
configure:9027: checking for memmove
configure:9083: result: yes
configure:9027: checking for memset
configure:9083: result: yes
configure:9101: checking for mkstemp
configure:9157: result: yes
configure:9173: checking for mktime
configure:9229: result: yes
configure:9398: checking for mlockall
configure:9454: result: yes
configure:9470: checking for mrand48
configure:9526: result: yes
configure:9470: checking for srand48
configure:9526: result: yes
configure:9470: checking for nice
configure:9526: result: yes
configure:9470: checking for nlist
configure:9526: result: no
configure:9545: checking for ntp_adjtime
configure:9601: result: yes
configure:9545: checking for ntp_gettime
configure:9601: result: yes
configure:9617: checking for plock
configure:9673: result: no
configure:9617: checking for pututline
configure:9673: result: no
configure:9617: checking for pututxline
configure:9673: result: no
configure:9617: checking for readlink
configure:9673: result: yes
configure:9617: checking for rtprio
configure:9673: result: no
configure:9770: checking for sched_setscheduler
configure:9826: result: yes
configure:9842: checking for setlinebuf
configure:9898: result: yes
configure:9842: checking for setpgid
configure:9898: result: yes
configure:9842: checking for setpriority
configure:9898: result: yes
configure:9842: checking for setsid
configure:9898: result: yes
configure:9911: checking for settimeofday
configure:9967: result: yes
configure:9986: checking for setvbuf
configure:10042: result: yes
configure:9986: checking for sigaction
configure:10042: result: yes
configure:10055: checking for sigvec
configure:10111: result: yes
configure:10055: checking for sigset
configure:10111: result: yes
configure:10055: checking for sigsuspend
configure:10111: result: yes
configure:10055: checking for stime
configure:10111: result: yes
configure:10055: checking for strchr
configure:10111: result: yes
configure:10055: checking for sysconf
configure:10111: result: yes
configure:10055: checking for sysctl
configure:10111: result: yes
configure:10124: checking for snprintf
configure:10180: result: yes
configure:10124: checking for strdup
configure:10180: result: yes
configure:10124: checking for strerror
configure:10180: result: yes
configure:10207: checking for timer_create
configure:10263: result: no
configure:10207: checking for timer_settime
configure:10263: result: no
configure:10283: checking for umask
configure:10339: result: yes
configure:10355: checking for uname
configure:10411: result: yes
configure:10355: checking for updwtmp
configure:10411: result: no
configure:10355: checking for updwtmpx
configure:10411: result: no
configure:10355: checking for vsprintf
configure:10411: result: yes
configure:10421: checking number of arguments to gettimeofday()
configure:10462: result: 2
configure:10471: checking number of arguments taken by setpgrp()
configure:10516: result: 0
configure:10528: checking argument pointer type of qsort()'s compare function and base
configure:10582: result: void
configure:10595: checking if we need to declare 'errno'
configure:10634: result: no
configure:10643: checking if we may declare 'h_errno'
configure:10692: result: yes
configure:10701: checking if declaring 'char *sys_errlist[]' is ok
configure:10742: result: no
configure:10751: checking if declaring 'syscall()' is ok
configure:10800: result: no
configure:11123: checking if we should use a streams device for ifconfig
configure:11130: result: no
configure:11133: checking if we need extra room for SO_RCVBUF
configure:11146: result: no
configure:11155: checking if we will open the broadcast socket
configure:11171: result: no
configure:11180: checking if we want the HPUX version of FindConfig()
configure:11193: result: no
configure:11202: checking if process groups are set with -pid
configure:11229: result: yes
configure:11238: checking if we need a ctty for F_SETOWN
configure:11264: result: no
configure:11274: checking if we'll use clock_settime or settimeofday or stime
configure:11296: result: settimeofday()
configure:11300: WARNING: *** But clock_settime() would be better (if we had it) ***
configure:11305: checking if we have a losing syscall()
configure:11319: result: no
configure:11328: checking for Streams/TLI
configure:11346: result: no
configure:11357: checking for SIGIO
configure:11380: result: yes
configure:11383: checking if we want to use signalled IO
configure:11425: result: no
configure:11434: checking for SIGPOLL
configure:11457: result: yes
configure:11460: checking for SIGSYS
configure:11483: result: yes
configure:11486: checking if we can use SIGPOLL for UDP I/O
configure:11532: result: no
configure:11541: checking if we can use SIGPOLL for TTY I/O
configure:11587: result: no
configure:11632: checking if nlist() values might require extra indirection
configure:11645: result: no
configure:11654: checking for a minimum recommended value of tickadj
configure:11667: result: no
configure:11677: checking if the TTY code permits PARENB and IGNPAR
configure:11698: result: yes
configure:11707: checking if we're including debugging code
configure:11722: result: yes
configure:11725: checking for a the number of minutes in a DST adjustment
configure:11738: result: 60
configure:11741: checking if we have the tty_clk line discipline/streams module
configure:11750: result: 
configure:11759: checking for the ppsclock streams module
configure:11766: result: no
configure:11775: checking for kernel multicast support
configure:11800: result: yes
configure:11809: checking availability of ntp_{adj,get}time()
configure:11843: result: libc
configure:11862: checking if sys/timex.h has STA_FLL
configure:11885: result: yes
configure:11888: checking if we have kernel PLL support
configure:11901: result: yes
configure:11912: checking if SIOCGIFCONF returns buffer size in the buffer
configure:11931: result: no
configure:11941: checking ioctl TIOCGPPSEV
configure:11971: result: no
configure:11975: checking ioctl TIOCSPPS
configure:12005: result: no
configure:12009: checking ioctl CIOGETEV
configure:12039: result: no
configure:12072: checking for linux/serial.h
configure:12107: result: yes
configure:12110: checking ioctl TIOCGSERIAL
configure:12153: result: no
configure:12157: checking SHMEM_STATUS support
configure:12169: result: yes
configure:12174: checking for hopf serial clock device
configure:12190: result: no
configure:12193: checking for hopf PCI clock 6039
configure:12209: result: no
configure:12213: checking Datum/Bancomm bc635/VME interface
configure:12229: result: no
configure:12238: checking TrueTime GPS receiver/VME interface
configure:12254: result: no
configure:12262: checking for PCL720 clock support
configure:12276: result: no
configure:12279: checking for SHM clock attached thru shared memory
configure:12295: result: no
configure:12298: checking for default inclusion of all suitable non-PARSE clocks
configure:12307: result: no
configure:12310: checking if we have support for PARSE clocks
configure:12319: result: yes
configure:12322: checking if we have support for audio clocks
configure:12335: result: no
configure:12339: checking ACTS modem service
configure:12374: result: no
configure:12377: checking Arbiter 1088A/B GPS receiver
configure:12393: result: no
configure:12396: checking Arcron MSF receiver
configure:12412: result: no
configure:12415: checking ATOM PPS interface
configure:12434: result: no
configure:12437: checking Austron 2200A/2201A GPS receiver
configure:12453: result: no
configure:12456: checking CHU modem/decoder
configure:12472: result: no
configure:12476: checking CHU audio/decoder
configure:12494: result: no
configure:12503: checking Datum Programmable Time System
configure:12525: result: no
configure:12528: checking Forum Graphic GPS
configure:12544: result: no
configure:12548: checking Heath GC-1000 WWV/WWVH receiver
configure:12583: result: no
configure:12586: checking HP 58503A GPS receiver
configure:12602: result: no
configure:12605: checking Sun IRIG audio decoder
configure:12624: result: no
configure:12631: checking for JJY receiver
configure:12647: result: no
configure:12650: checking Leitch CSD 5300 Master Clock System Driver
configure:12666: result: no
configure:12669: checking local clock reference
configure:12685: result: no
configure:12688: checking EES M201 MSF receiver
configure:12704: result: no
configure:12708: checking Magnavox MX4200 GPS receiver
configure:12729: result: no
configure:12736: checking NMEA GPS receiver
configure:12752: result: no
configure:12755: checking for ONCORE Motorola VP/UT Oncore GPS
configure:12774: result: no
configure:12777: checking for Palisade clock
configure:12800: result: no
configure:12803: checking PST/Traconex 1020 WWV/WWVH receiver
configure:12819: result: no
configure:12823: checking Rockwell Jupiter GPS receiver
configure:12844: result: no
configure:12852: checking PTB modem service
configure:12887: result: no
configure:12890: checking KSI/Odetics TPRO/S GPS receiver/IRIG interface
configure:12912: result: no
configure:12919: checking TRAK 8810 GPS receiver
configure:12935: result: no
configure:12938: checking Chrono-log K-series WWVB receiver
configure:12954: result: no
configure:12957: checking Dumb generic hh:mm:ss local clock
configure:12973: result: no
configure:12976: checking Conrad parallel port radio clock
configure:12992: result: no
configure:12995: checking Spectracom 8170/Netclock/2 WWVB receiver
configure:13011: result: no
configure:13015: checking Kinemetrics/TrueTime receivers
configure:13038: result: no
configure:13045: checking Ultralink M320 WWVB receiver
configure:13061: result: no
configure:13064: checking WWV receiver
configure:13083: result: no
configure:13091: checking USNO modem service
configure:13126: result: no
configure:13129: checking for default inclusion of all suitable PARSE clocks
configure:13142: result: no
configure:13163: checking Diem Computime Radio Clock
configure:13180: result: no
configure:13190: checking ELV/DCF7000 clock
configure:13207: result: no
configure:13217: checking HOPF 6021 clock
configure:13234: result: no
configure:13244: checking Meinberg clocks
configure:13261: result: no
configure:13271: checking DCF77 raw time code
configure:13290: result: no
configure:13330: checking RCC 8000 clock
configure:13347: result: no
configure:13357: checking Schmid DCF77 clock
configure:13374: result: no
configure:13384: checking Trimble GPS receiver/TAIP protocol
configure:13401: result: no
configure:13411: checking Trimble GPS receiver/TSIP protocol
configure:13428: result: no
configure:13438: checking WHARTON 400A Series clock
configure:13455: result: no
configure:13465: checking VARITEXT clock
configure:13482: result: no
configure:13492: checking if we need to make and use the parse libraries
configure:13515: result: no
configure:13518: checking for openssl library directory
configure:13554: result: no
configure:13557: checking for openssl include directory
configure:13593: result: no
configure:13596: checking for the level of crypto support
configure:13687: result: no
configure:13690: checking if we want to compile with ElectricFence
configure:13711: result: no
configure:13714: checking if we can make dcf parse utilities
configure:13726: result: no
configure:13729: checking if we can build kernel streams modules for parse
configure:13754: result: no
configure:13757: checking if we need basic refclock support
configure:13765: result: no
configure:13768: checking if we want HP-UX adjtimed support
configure:13784: result: no
configure:13787: checking if we can read kmem
configure:13828: result: no
configure:13839: checking if adjtime is accurate
configure:13881: result: yes
configure:13890: checking the name of 'tick' in the kernel
configure:13927: result: _tick
configure:13937: checking for the units of 'tick'
configure:13950: result: usec
configure:13961: checking the name of 'tickadj' in the kernel
configure:14007: result: _tickadj
configure:14017: checking for the units of 'tickadj'
configure:14030: result: usec
configure:14041: checking half-heartedly for 'dosynctodr' in the kernel
configure:14086: result: _dosynctodr
configure:14097: checking half-heartedly for 'noprintf' in the kernel
configure:14136: result: _noprintf
configure:14147: checking for a default value for 'tick'
configure:14183: result: txc.tick
configure:14193: checking for a default value for 'tickadj'
configure:14254: result: 500/hz
configure:14318: checking if we want and can make the ntptime utility
configure:14336: result: yes
configure:14361: checking if we want and can make the tickadj utility
configure:14368: result: yes
configure:14376: checking if we want and can make the timetrim utility
configure:14390: result: no
configure:14398: checking if we want UDP wildcard delivery
configure:14459: result: yes
configure:14479: checking if we should always slew the time
configure:14509: result: no
configure:14518: checking if we should step and slew the time
configure:14551: result: no
configure:14560: checking if ntpdate should step the time
configure:14581: result: no
configure:14590: checking if we should sync TODR clock every hour
configure:14613: result: no
configure:14622: checking if we should avoid kernel FLL bug
configure:14680: result: no
configure:14797: creating ./config.status

## ----------------------- ##
## Running config.status.  ##
## ----------------------- ##

This file was extended by config.status 2.52, executed with
  CONFIG_FILES    = 
  CONFIG_HEADERS  = 
  CONFIG_LINKS    = 
  CONFIG_COMMANDS = 
  > ./config.status 
on goober

config.status:15340: creating Makefile
config.status:15340: creating adjtimed/Makefile
config.status:15340: creating clockstuff/Makefile
config.status:15340: creating ElectricFence/Makefile
config.status:15340: creating include/Makefile
config.status:15340: creating kernel/Makefile
config.status:15340: creating kernel/sys/Makefile
config.status:15340: creating libntp/Makefile
config.status:15340: creating libparse/Makefile
config.status:15340: creating librsaref/Makefile
config.status:15340: creating ntpd/Makefile
config.status:15340: creating ntpdc/Makefile
config.status:15340: creating ntpdate/Makefile
config.status:15340: creating ntpq/Makefile
config.status:15340: creating ntptrace/Makefile
config.status:15340: creating parseutil/Makefile
config.status:15340: creating scripts/Makefile
config.status:15340: creating scripts/calc_tickadj
config.status:15340: creating scripts/checktime
config.status:15340: creating scripts/freq_adj
config.status:15340: creating scripts/mkver
config.status:15340: creating scripts/ntp-wait
config.status:15340: creating scripts/ntpsweep
config.status:15340: creating scripts/ntpver
config.status:15340: creating scripts/plot_summary
config.status:15340: creating scripts/summary
config.status:15340: creating util/Makefile
config.status:15432: creating config.h

## ----------------- ##
## Cache variables.  ##
## ----------------- ##

ac_cv_arg_setpgrp_negpid=yes
ac_cv_build=i686-pc-linux-gnu
ac_cv_build_alias=i686-pc-linux-gnu
ac_cv_c_bigendian=no
ac_cv_c_char_unsigned=no
ac_cv_c_compiler_gnu=yes
ac_cv_c_const=yes
ac_cv_c_inline=inline
ac_cv_c_volatile=yes
ac_cv_decl_errno=no
ac_cv_decl_h_errno=yes
ac_cv_decl_sys_errlist=no
ac_cv_decl_syscall=no
ac_cv_env_CC_set=
ac_cv_env_CC_value=
ac_cv_env_CFLAGS_set=
ac_cv_env_CFLAGS_value=
ac_cv_env_CPPFLAGS_set=
ac_cv_env_CPPFLAGS_value=
ac_cv_env_CPP_set=
ac_cv_env_CPP_value=
ac_cv_env_LDFLAGS_set=
ac_cv_env_LDFLAGS_value=
ac_cv_env_build_alias_set=
ac_cv_env_build_alias_value=
ac_cv_env_host_alias_set=
ac_cv_env_host_alias_value=
ac_cv_env_target_alias_set=
ac_cv_env_target_alias_value=
ac_cv_func_K_open=no
ac_cv_func_Xettimeofday_nargs=2
ac_cv_func___adjtimex=yes
ac_cv_func___ntp_gettime=no
ac_cv_func_clock_gettime=no
ac_cv_func_clock_settime=no
ac_cv_func_ctty_for_f_setown=no
ac_cv_func_daemon=yes
ac_cv_func_finite=yes
ac_cv_func_getbootfile=no
ac_cv_func_getclock=no
ac_cv_func_getdtablesize=yes
ac_cv_func_gethostent=yes
ac_cv_func_getrusage=yes
ac_cv_func_gettimeofday=yes
ac_cv_func_getuid=yes
ac_cv_func_hstrerror=yes
ac_cv_func_kvm_open=no
ac_cv_func_memcpy=yes
ac_cv_func_memmove=yes
ac_cv_func_memset=yes
ac_cv_func_mkstemp=yes
ac_cv_func_mktime=yes
ac_cv_func_mlockall=yes
ac_cv_func_mrand48=yes
ac_cv_func_nice=yes
ac_cv_func_nlist=no
ac_cv_func_ntp_adjtime=yes
ac_cv_func_ntp_gettime=yes
ac_cv_func_openlog=yes
ac_cv_func_plock=no
ac_cv_func_pututline=no
ac_cv_func_pututxline=no
ac_cv_func_qsort_argtype=void
ac_cv_func_readlink=yes
ac_cv_func_rtprio=no
ac_cv_func_sched_setscheduler=yes
ac_cv_func_setlinebuf=yes
ac_cv_func_setpgid=yes
ac_cv_func_setpgrp_nargs=0
ac_cv_func_setpriority=yes
ac_cv_func_setsid=yes
ac_cv_func_setsockopt=yes
ac_cv_func_settimeofday=yes
ac_cv_func_setvbuf=yes
ac_cv_func_sigaction=yes
ac_cv_func_sigset=yes
ac_cv_func_sigsuspend=yes
ac_cv_func_sigvec=yes
ac_cv_func_snprintf=yes
ac_cv_func_srand48=yes
ac_cv_func_stime=yes
ac_cv_func_strchr=yes
ac_cv_func_strdup=yes
ac_cv_func_strerror=yes
ac_cv_func_sysconf=yes
ac_cv_func_sysctl=yes
ac_cv_func_timer_create=no
ac_cv_func_timer_settime=no
ac_cv_func_umask=yes
ac_cv_func_uname=yes
ac_cv_func_updwtmp=no
ac_cv_func_updwtmpx=no
ac_cv_func_vsprintf=yes
ac_cv_have_prototypes=yes
ac_cv_hdr_def_sigio=yes
ac_cv_hdr_def_sigpoll=yes
ac_cv_hdr_def_sigsys=yes
ac_cv_header_arpa_nameser_h=yes
ac_cv_header_bstring_h=no
ac_cv_header_errno_h=yes
ac_cv_header_fcntl_h=yes
ac_cv_header_ieeefp_h=no
ac_cv_header_inttypes_h=yes
ac_cv_header_linux_serial_h=yes
ac_cv_header_math_h=yes
ac_cv_header_memory_h=yes
ac_cv_header_minix_config_h=no
ac_cv_header_net_if_h=yes
ac_cv_header_netdb_h=yes
ac_cv_header_netinet_in_h=yes
ac_cv_header_netinet_in_system_h=no
ac_cv_header_netinet_in_systm_h=yes
ac_cv_header_netinet_ip_h=yes
ac_cv_header_netinfo_ni_h=no
ac_cv_header_nlist_h=no
ac_cv_header_poll_h=yes
ac_cv_header_resolv_h=yes
ac_cv_header_sched_h=yes
ac_cv_header_sgtty_h=yes
ac_cv_header_stdc=yes
ac_cv_header_stdint_h=yes
ac_cv_header_stdlib_h=yes
ac_cv_header_string_h=yes
ac_cv_header_strings_h=yes
ac_cv_header_sun_audioio_h=no
ac_cv_header_sys_audioio_h=no
ac_cv_header_sys_clkdefs_h=no
ac_cv_header_sys_file_h=yes
ac_cv_header_sys_ioctl_h=yes
ac_cv_header_sys_lock_h=no
ac_cv_header_sys_mman_h=yes
ac_cv_header_sys_modem_h=no
ac_cv_header_sys_param_h=yes
ac_cv_header_sys_ppsclock_h=no
ac_cv_header_sys_ppstime_h=no
ac_cv_header_sys_proc_h=no
ac_cv_header_sys_resource_h=yes
ac_cv_header_sys_sched_h=no
ac_cv_header_sys_select_h=yes
ac_cv_header_sys_signal_h=yes
ac_cv_header_sys_sockio_h=no
ac_cv_header_sys_stat_h=yes
ac_cv_header_sys_stream_h=no
ac_cv_header_sys_stropts_h=no
ac_cv_header_sys_sysctl_h=yes
ac_cv_header_sys_syssgi_h=no
ac_cv_header_sys_termios_h=yes
ac_cv_header_sys_time_h=yes
ac_cv_header_sys_timers_h=no
ac_cv_header_sys_timex_h=yes
ac_cv_header_sys_tpro_h=no
ac_cv_header_sys_types_h=yes
ac_cv_header_sys_wait_h=yes
ac_cv_header_termio_h=yes
ac_cv_header_termios_h=yes
ac_cv_header_time=yes
ac_cv_header_timepps_h=no
ac_cv_header_timex_h=no
ac_cv_header_unistd_h=yes
ac_cv_header_utmp_h=no
ac_cv_header_utmpx_h=no
ac_cv_host=i686-pc-linux-gnu
ac_cv_host_alias=i686-pc-linux-gnu
ac_cv_lib_elf_nlist=no
ac_cv_lib_kvm_main=no
ac_cv_lib_ld_nlist=no
ac_cv_lib_mld_nlist=no
ac_cv_lib_readline_readline=no
ac_cv_make_ntptime=yes
ac_cv_make_tickadj=yes
ac_cv_make_timetrim=no
ac_cv_member_struct_ntptimeval_time_tv_nsec=no
ac_cv_objext=o
ac_cv_path_PATH_PERL=/usr/bin/perl
ac_cv_path_PATH_SH=/bin/sh
ac_cv_path_install='/usr/bin/install -c'
ac_cv_prog_AWK=mawk
ac_cv_prog_CPP='gcc -E'
ac_cv_prog_ac_ct_CC=gcc
ac_cv_prog_ac_ct_RANLIB=ranlib
ac_cv_prog_cc_g=yes
ac_cv_prog_cc_pipe=yes
ac_cv_prog_cc_stdc=
ac_cv_prog_gcc_traditional=no
ac_cv_prog_make_make_set=yes
ac_cv_sizeof_int=4
ac_cv_sizeof_long=4
ac_cv_sizeof_signed_char=1
ac_cv_struct_clockinfo_has_hz=no
ac_cv_struct_clockinfo_has_tickadj=no
ac_cv_struct_ntptimeval=yes
ac_cv_struct_ppsclockev=no
ac_cv_struct_sigaction_has_sa_sigaction=yes
ac_cv_struct_sockaddr_has_sa_len=no
ac_cv_struct_timespec=yes
ac_cv_struct_tm=time.h
ac_cv_target=i686-pc-linux-gnu
ac_cv_target_alias=i686-pc-linux-gnu
ac_cv_type_int=yes
ac_cv_type_long=yes
ac_cv_type_off_t=yes
ac_cv_type_s_char=no
ac_cv_type_signal=void
ac_cv_type_signed_char=yes
ac_cv_type_size_t=yes
ac_cv_type_time_t=yes
ac_cv_type_uid_t=yes
ac_cv_var_adjtime_is_accurate=yes
ac_cv_var_atom_ok=yes
ac_cv_var_can_kmem=no
ac_cv_var_default_hz=100
ac_cv_var_hpux_findconfig=no
ac_cv_var_kernel_fll_bug=no
ac_cv_var_kernel_pll=yes
ac_cv_var_mcast=yes
ac_cv_var_min_rec_tickadj=no
ac_cv_var_nlist_dosynctodr=_dosynctodr
ac_cv_var_nlist_extra_indirection=no
ac_cv_var_nlist_noprintf=_noprintf
ac_cv_var_nlist_tick=_tick
ac_cv_var_nlist_tickadj=_tickadj
ac_cv_var_no_parenb_ignpar=yes
ac_cv_var_ntp_syscalls=libc
ac_cv_var_ntpdate_step=no
ac_cv_var_oncore_ok=no
ac_cv_var_open_bcast_socket=no
ac_cv_var_override_hz=no
ac_cv_var_ppsclock=no
ac_cv_var_rawdcf_parity=no
ac_cv_var_rcvbuf_slop=no
ac_cv_var_signalled_io=no
ac_cv_var_size_returned_in_buffer=no
ac_cv_var_slew_always=no
ac_cv_var_sta_fll=yes
ac_cv_var_step_slew=no
ac_cv_var_streams_tli=no
ac_cv_var_sync_todr=no
ac_cv_var_syscall_bug=no
ac_cv_var_tick=txc.tick
ac_cv_var_tick_nano=usec
ac_cv_var_tickadj=500/hz
ac_cv_var_tickadj_nano=usec
ac_cv_var_udp_wildcard_delivery=yes
ac_cv_var_use_streams_device_for_ifconfig=no
ac_cv_var_use_tty_sigpoll=no
ac_cv_var_use_udp_sigpoll=no
am_cv_CC_dependencies_compiler_type=gcc
am_cv_prog_cc_stdc=

## ------------ ##
## confdefs.h.  ##
## ------------ ##

#define STR_SYSTEM "i686-pc-linux-gnu"
#define PACKAGE "ntp"
#define VERSION "4.1.1"
#define ULONG_CONST(a) a ## UL
#define STDC_HEADERS 1
#define HAVE_ERRNO_H 1
#define HAVE_FCNTL_H 1
#define HAVE_MATH_H 1
#define HAVE_MEMORY_H 1
#define HAVE_NETDB_H 1
#define HAVE_POLL_H 1
#define HAVE_RESOLV_H 1
#define HAVE_SCHED_H 1
#define HAVE_SGTTY_H 1
#define HAVE_STDLIB_H 1
#define HAVE_STRING_H 1
#define HAVE_TERMIO_H 1
#define HAVE_TERMIOS_H 1
#define HAVE_UNISTD_H 1
#define HAVE_ARPA_NAMESER_H 1
#define HAVE_NET_IF_H 1
#define HAVE_NETINET_IN_SYSTM_H 1
#define HAVE_NETINET_IN_H 1
#define HAVE_NETINET_IP_H 1
#define HAVE_SYS_FILE_H 1
#define HAVE_SYS_IOCTL_H 1
#define HAVE_SYS_MMAN_H 1
#define HAVE_SYS_PARAM_H 1
#define HAVE_SYS_RESOURCE_H 1
#define HAVE_SYS_SELECT_H 1
#define HAVE_SYS_SIGNAL_H 1
#define HAVE_SYS_STAT_H 1
#define HAVE_SYS_SYSCTL_H 1
#define HAVE_SYS_TERMIOS_H 1
#define HAVE_SYS_TIME_H 1
#define HAVE_SYS_TIMEX_H 1
#define HAVE_SYS_TYPES_H 1
#define HAVE_SYS_WAIT_H 1
#define TIME_WITH_SYS_TIME 1
#define PROTOTYPES 1
#define STDC_HEADERS 1
#define HAVE_STRING_H 1
#define HAVE_PROTOTYPES 1
#define RETSIGTYPE void
#define HAVE_SYS_TYPES_H 1
#define HAVE_SYS_STAT_H 1
#define HAVE_STDLIB_H 1
#define HAVE_STRING_H 1
#define HAVE_MEMORY_H 1
#define HAVE_STRINGS_H 1
#define HAVE_INTTYPES_H 1
#define HAVE_STDINT_H 1
#define HAVE_UNISTD_H 1
#define DEFAULT_HZ 100
#define HAVE_SA_SIGACTION_IN_STRUCT_SIGACTION 1
#define HAVE_STRUCT_TIMESPEC 1
#define HAVE_STRUCT_NTPTIMEVAL 1
#define SIZEOF_SIGNED_CHAR 1
#define SIZEOF_INT 4
#define SIZEOF_LONG 4
#define NEED_S_CHAR_TYPEDEF 1
#define HAVE___ADJTIMEX 1
#define HAVE_DAEMON 1
#define HAVE_FINITE 1
#define HAVE_GETDTABLESIZE 1
#define HAVE_GETRUSAGE 1
#define HAVE_GETUID 1
#define HAVE_HSTRERROR 1
#define HAVE_MEMCPY 1
#define HAVE_MEMMOVE 1
#define HAVE_MEMSET 1
#define HAVE_MKSTEMP 1
#define HAVE_MKTIME 1
#define HAVE_MLOCKALL 1
#define HAVE_MRAND48 1
#define HAVE_SRAND48 1
#define HAVE_NICE 1
#define HAVE_NTP_ADJTIME 1
#define HAVE_NTP_GETTIME 1
#define HAVE_READLINK 1
#define HAVE_SCHED_SETSCHEDULER 1
#define HAVE_SETLINEBUF 1
#define HAVE_SETPGID 1
#define HAVE_SETPRIORITY 1
#define HAVE_SETSID 1
#define HAVE_SETTIMEOFDAY 1
#define HAVE_SETVBUF 1
#define HAVE_SIGACTION 1
#define HAVE_SIGVEC 1
#define HAVE_SIGSET 1
#define HAVE_SIGSUSPEND 1
#define HAVE_STIME 1
#define HAVE_STRCHR 1
#define HAVE_SYSCONF 1
#define HAVE_SYSCTL 1
#define HAVE_SNPRINTF 1
#define HAVE_STRDUP 1
#define HAVE_STRERROR 1
#define HAVE_UMASK 1
#define HAVE_UNAME 1
#define HAVE_VSPRINTF 1
#define HAVE_SETPGRP_0 1
#define QSORT_USES_VOID_P 1
#define DECL_H_ERRNO 1
#define UDP_BACKWARDS_SETOWN 1
#define NO_PARENB_IGNPAR 1
#define DEBUG 1
#define DSTMINUTES 60
#define MCAST 1
#define NTP_SYSCALLS_LIBC 1
#define KERNEL_PLL 1
#define ONCORE_SHMEM_STATUS 1
#define NOKMEM 1
#define ADJTIME_IS_ACCURATE 1
#define K_TICK_NAME "_tick"
#define K_TICKADJ_NAME "_tickadj"
#define K_DOSYNCTODR_NAME "_dosynctodr"
#define K_NOPRINTF_NAME "_noprintf"
#define PRESET_TICK txc.tick
#define PRESET_TICKADJ 500/hz
#define UDP_WILDCARD_DELIVERY 1
#define NTP_KEYSDIR "/usr/local/etc"


configure: exit 0

## ----------------------- ##
## Running config.status.  ##
## ----------------------- ##

This file was extended by config.status 2.52, executed with
  CONFIG_FILES    = util/Makefile
  CONFIG_HEADERS  = 
  CONFIG_LINKS    = 
  CONFIG_COMMANDS = 
  > ./config.status 
on goober

config.status:15340: creating util/Makefile

## ----------------------- ##
## Running config.status.  ##
## ----------------------- ##

This file was extended by config.status 2.52, executed with
  CONFIG_FILES    = kernel/Makefile
  CONFIG_HEADERS  = 
  CONFIG_LINKS    = 
  CONFIG_COMMANDS = 
  > ./config.status 
on goober

config.status:15340: creating kernel/Makefile

## ----------------------- ##
## Running config.status.  ##
## ----------------------- ##

This file was extended by config.status 2.52, executed with
  CONFIG_FILES    = kernel/sys/Makefile
  CONFIG_HEADERS  = 
  CONFIG_LINKS    = 
  CONFIG_COMMANDS = 
  > ./config.status 
on goober

config.status:15340: creating kernel/sys/Makefile

## ----------------------- ##
## Running config.status.  ##
## ----------------------- ##

This file was extended by config.status 2.52, executed with
  CONFIG_FILES    = clockstuff/Makefile
  CONFIG_HEADERS  = 
  CONFIG_LINKS    = 
  CONFIG_COMMANDS = 
  > ./config.status 
on goober

config.status:15340: creating clockstuff/Makefile

## ----------------------- ##
## Running config.status.  ##
## ----------------------- ##

This file was extended by config.status 2.52, executed with
  CONFIG_FILES    = adjtimed/Makefile
  CONFIG_HEADERS  = 
  CONFIG_LINKS    = 
  CONFIG_COMMANDS = 
  > ./config.status 
on goober

config.status:15340: creating adjtimed/Makefile

## ----------------------- ##
## Running config.status.  ##
## ----------------------- ##

This file was extended by config.status 2.52, executed with
  CONFIG_FILES    = parseutil/Makefile
  CONFIG_HEADERS  = 
  CONFIG_LINKS    = 
  CONFIG_COMMANDS = 
  > ./config.status 
on goober

config.status:15340: creating parseutil/Makefile

## ----------------------- ##
## Running config.status.  ##
## ----------------------- ##

This file was extended by config.status 2.52, executed with
  CONFIG_FILES    = ntptrace/Makefile
  CONFIG_HEADERS  = 
  CONFIG_LINKS    = 
  CONFIG_COMMANDS = 
  > ./config.status 
on goober

config.status:15340: creating ntptrace/Makefile

## ----------------------- ##
## Running config.status.  ##
## ----------------------- ##

This file was extended by config.status 2.52, executed with
  CONFIG_FILES    = ntpq/Makefile
  CONFIG_HEADERS  = 
  CONFIG_LINKS    = 
  CONFIG_COMMANDS = 
  > ./config.status 
on goober

config.status:15340: creating ntpq/Makefile

## ----------------------- ##
## Running config.status.  ##
## ----------------------- ##

This file was extended by config.status 2.52, executed with
  CONFIG_FILES    = ntpdc/Makefile
  CONFIG_HEADERS  = 
  CONFIG_LINKS    = 
  CONFIG_COMMANDS = 
  > ./config.status 
on goober

config.status:15340: creating ntpdc/Makefile

## ----------------------- ##
## Running config.status.  ##
## ----------------------- ##

This file was extended by config.status 2.52, executed with
  CONFIG_FILES    = ntpdate/Makefile
  CONFIG_HEADERS  = 
  CONFIG_LINKS    = 
  CONFIG_COMMANDS = 
  > ./config.status 
on goober

config.status:15340: creating ntpdate/Makefile

## ----------------------- ##
## Running config.status.  ##
## ----------------------- ##

This file was extended by config.status 2.52, executed with
  CONFIG_FILES    = ntpd/Makefile
  CONFIG_HEADERS  = 
  CONFIG_LINKS    = 
  CONFIG_COMMANDS = 
  > ./config.status 
on goober

config.status:15340: creating ntpd/Makefile

## ----------------------- ##
## Running config.status.  ##
## ----------------------- ##

This file was extended by config.status 2.52, executed with
  CONFIG_FILES    = libparse/Makefile
  CONFIG_HEADERS  = 
  CONFIG_LINKS    = 
  CONFIG_COMMANDS = 
  > ./config.status 
on goober

config.status:15340: creating libparse/Makefile

## ----------------------- ##
## Running config.status.  ##
## ----------------------- ##

This file was extended by config.status 2.52, executed with
  CONFIG_FILES    = libntp/Makefile
  CONFIG_HEADERS  = 
  CONFIG_LINKS    = 
  CONFIG_COMMANDS = 
  > ./config.status 
on goober

config.status:15340: creating libntp/Makefile

## ----------------------- ##
## Running config.status.  ##
## ----------------------- ##

This file was extended by config.status 2.52, executed with
  CONFIG_FILES    = librsaref/Makefile
  CONFIG_HEADERS  = 
  CONFIG_LINKS    = 
  CONFIG_COMMANDS = 
  > ./config.status 
on goober

config.status:15340: creating librsaref/Makefile

## ----------------------- ##
## Running config.status.  ##
## ----------------------- ##

This file was extended by config.status 2.52, executed with
  CONFIG_FILES    = ElectricFence/Makefile
  CONFIG_HEADERS  = 
  CONFIG_LINKS    = 
  CONFIG_COMMANDS = 
  > ./config.status 
on goober

config.status:15340: creating ElectricFence/Makefile

## ----------------------- ##
## Running config.status.  ##
## ----------------------- ##

This file was extended by config.status 2.52, executed with
  CONFIG_FILES    = include/Makefile
  CONFIG_HEADERS  = 
  CONFIG_LINKS    = 
  CONFIG_COMMANDS = 
  > ./config.status 
on goober

config.status:15340: creating include/Makefile

## ----------------------- ##
## Running config.status.  ##
## ----------------------- ##

This file was extended by config.status 2.52, executed with
  CONFIG_FILES    = scripts/Makefile
  CONFIG_HEADERS  = 
  CONFIG_LINKS    = 
  CONFIG_COMMANDS = 
  > ./config.status 
on goober

config.status:15340: creating scripts/Makefile

## ----------------------- ##
## Running config.status.  ##
## ----------------------- ##

This file was extended by config.status 2.52, executed with
  CONFIG_FILES    = Makefile
  CONFIG_HEADERS  = 
  CONFIG_LINKS    = 
  CONFIG_COMMANDS = 
  > ./config.status 
on goober

config.status:15340: creating Makefile

## ----------------------- ##
## Running config.status.  ##
## ----------------------- ##

This file was extended by config.status 2.52, executed with
  CONFIG_FILES    = util/Makefile
  CONFIG_HEADERS  = 
  CONFIG_LINKS    = 
  CONFIG_COMMANDS = 
  > ./config.status 
on ubuntu-VirtualBox

config.status:15340: creating util/Makefile

## ----------------------- ##
## Running config.status.  ##
## ----------------------- ##

This file was extended by config.status 2.52, executed with
  CONFIG_FILES    = kernel/Makefile
  CONFIG_HEADERS  = 
  CONFIG_LINKS    = 
  CONFIG_COMMANDS = 
  > ./config.status 
on ubuntu-VirtualBox

config.status:15340: creating kernel/Makefile

## ----------------------- ##
## Running config.status.  ##
## ----------------------- ##

This file was extended by config.status 2.52, executed with
  CONFIG_FILES    = kernel/sys/Makefile
  CONFIG_HEADERS  = 
  CONFIG_LINKS    = 
  CONFIG_COMMANDS = 
  > ./config.status 
on ubuntu-VirtualBox

config.status:15340: creating kernel/sys/Makefile

## ----------------------- ##
## Running config.status.  ##
## ----------------------- ##

This file was extended by config.status 2.52, executed with
  CONFIG_FILES    = clockstuff/Makefile
  CONFIG_HEADERS  = 
  CONFIG_LINKS    = 
  CONFIG_COMMANDS = 
  > ./config.status 
on ubuntu-VirtualBox

config.status:15340: creating clockstuff/Makefile

## ----------------------- ##
## Running config.status.  ##
## ----------------------- ##

This file was extended by config.status 2.52, executed with
  CONFIG_FILES    = adjtimed/Makefile
  CONFIG_HEADERS  = 
  CONFIG_LINKS    = 
  CONFIG_COMMANDS = 
  > ./config.status 
on ubuntu-VirtualBox

config.status:15340: creating adjtimed/Makefile

## ----------------------- ##
## Running config.status.  ##
## ----------------------- ##

This file was extended by config.status 2.52, executed with
  CONFIG_FILES    = parseutil/Makefile
  CONFIG_HEADERS  = 
  CONFIG_LINKS    = 
  CONFIG_COMMANDS = 
  > ./config.status 
on ubuntu-VirtualBox

config.status:15340: creating parseutil/Makefile

## ----------------------- ##
## Running config.status.  ##
## ----------------------- ##

This file was extended by config.status 2.52, executed with
  CONFIG_FILES    = ntptrace/Makefile
  CONFIG_HEADERS  = 
  CONFIG_LINKS    = 
  CONFIG_COMMANDS = 
  > ./config.status 
on ubuntu-VirtualBox

config.status:15340: creating ntptrace/Makefile

## ----------------------- ##
## Running config.status.  ##
## ----------------------- ##

This file was extended by config.status 2.52, executed with
  CONFIG_FILES    = ntpq/Makefile
  CONFIG_HEADERS  = 
  CONFIG_LINKS    = 
  CONFIG_COMMANDS = 
  > ./config.status 
on ubuntu-VirtualBox

config.status:15340: creating ntpq/Makefile

## ----------------------- ##
## Running config.status.  ##
## ----------------------- ##

This file was extended by config.status 2.52, executed with
  CONFIG_FILES    = ntpdc/Makefile
  CONFIG_HEADERS  = 
  CONFIG_LINKS    = 
  CONFIG_COMMANDS = 
  > ./config.status 
on ubuntu-VirtualBox

config.status:15340: creating ntpdc/Makefile

## ----------------------- ##
## Running config.status.  ##
## ----------------------- ##

This file was extended by config.status 2.52, executed with
  CONFIG_FILES    = ntpdate/Makefile
  CONFIG_HEADERS  = 
  CONFIG_LINKS    = 
  CONFIG_COMMANDS = 
  > ./config.status 
on ubuntu-VirtualBox

config.status:15340: creating ntpdate/Makefile

## ----------------------- ##
## Running config.status.  ##
## ----------------------- ##

This file was extended by config.status 2.52, executed with
  CONFIG_FILES    = ntpd/Makefile
  CONFIG_HEADERS  = 
  CONFIG_LINKS    = 
  CONFIG_COMMANDS = 
  > ./config.status 
on ubuntu-VirtualBox

config.status:15340: creating ntpd/Makefile

## ----------------------- ##
## Running config.status.  ##
## ----------------------- ##

This file was extended by config.status 2.52, executed with
  CONFIG_FILES    = libparse/Makefile
  CONFIG_HEADERS  = 
  CONFIG_LINKS    = 
  CONFIG_COMMANDS = 
  > ./config.status 
on ubuntu-VirtualBox

config.status:15340: creating libparse/Makefile

## ----------------------- ##
## Running config.status.  ##
## ----------------------- ##

This file was extended by config.status 2.52, executed with
  CONFIG_FILES    = libntp/Makefile
  CONFIG_HEADERS  = 
  CONFIG_LINKS    = 
  CONFIG_COMMANDS = 
  > ./config.status 
on ubuntu-VirtualBox

config.status:15340: creating libntp/Makefile

## ----------------------- ##
## Running config.status.  ##
## ----------------------- ##

This file was extended by config.status 2.52, executed with
  CONFIG_FILES    = librsaref/Makefile
  CONFIG_HEADERS  = 
  CONFIG_LINKS    = 
  CONFIG_COMMANDS = 
  > ./config.status 
on ubuntu-VirtualBox

config.status:15340: creating librsaref/Makefile
